<?xml version="1.0" encoding="UTF-8" ?>
<testsuites name="vitest tests" tests="3" failures="0" errors="0" time="0.001450958">
    <testsuite name="src/__tests__/client.test.ts" timestamp="2026-07-13T00:18:42.046Z" hostname="Mac-Mini.local" tests="3" failures="0" errors="0" skipped="0" time="0.001450958">
        <testcase classname="src/__tests__/client.test.ts" name="google client shape &gt; exports a google object with documents and spreadsheets namespaces" time="0.000708792">
        </testcase>
        <testcase classname="src/__tests__/client.test.ts" name="google client shape &gt; documents has a get method" time="0.000129959">
        </testcase>
        <testcase classname="src/__tests__/client.test.ts" name="google client shape &gt; spreadsheets has a get method" time="0.000053917">
        </testcase>
    </testsuite>
</testsuites>
