<?xml version="1.0" encoding="UTF-8" ?>
<testsuites name="vitest tests" tests="32" failures="0" errors="0" time="0.073663833">
    <testsuite name="src/__tests__/auth.test.ts" timestamp="2026-07-12T04:44:02.432Z" hostname="Mac-Mini.local" tests="4" failures="0" errors="0" skipped="0" time="0.002184208">
        <testcase classname="src/__tests__/auth.test.ts" name="resolveToken &gt; uses the explicit CLI token first" time="0.000857875">
        </testcase>
        <testcase classname="src/__tests__/auth.test.ts" name="resolveToken &gt; prefers HOLOCRON_NEON_API_KEY over NEON_API_KEY" time="0.000127667">
        </testcase>
        <testcase classname="src/__tests__/auth.test.ts" name="resolveToken &gt; falls back to NEON_API_KEY when only it is set" time="0.000070459">
        </testcase>
        <testcase classname="src/__tests__/auth.test.ts" name="resolveToken &gt; throws AuthError when nothing is set" time="0.000436917">
        </testcase>
    </testsuite>
    <testsuite name="src/__tests__/index.test.ts" timestamp="2026-07-12T04:44:02.433Z" hostname="Mac-Mini.local" tests="4" failures="0" errors="0" skipped="0" time="0.022207958">
        <testcase classname="src/__tests__/index.test.ts" name="createPlugin &gt; throws AuthError when no token is found" time="0.009547416">
        </testcase>
        <testcase classname="src/__tests__/index.test.ts" name="createPlugin &gt; throws when projectId is missing" time="0.001026334">
        </testcase>
        <testcase classname="src/__tests__/index.test.ts" name="createPlugin &gt; wires the storage capability" time="0.000311292">
        </testcase>
        <testcase classname="src/__tests__/index.test.ts" name="createPlugin &gt; passes fetch + baseUrl through to the REST client" time="0.010386208">
        </testcase>
    </testsuite>
    <testsuite name="src/__tests__/rest.test.ts" timestamp="2026-07-12T04:44:02.433Z" hostname="Mac-Mini.local" tests="6" failures="0" errors="0" skipped="0" time="0.012392583">
        <testcase classname="src/__tests__/rest.test.ts" name="NeonRestClient &gt; sends bearer + accept headers on every request" time="0.010199292">
        </testcase>
        <testcase classname="src/__tests__/rest.test.ts" name="NeonRestClient &gt; serializes body on writes and sets content-type" time="0.000569958">
        </testcase>
        <testcase classname="src/__tests__/rest.test.ts" name="NeonRestClient &gt; appends query params when supplied" time="0.000249333">
        </testcase>
        <testcase classname="src/__tests__/rest.test.ts" name="NeonRestClient &gt; returns undefined on 204" time="0.000117667">
        </testcase>
        <testcase classname="src/__tests__/rest.test.ts" name="NeonRestClient &gt; throws ProviderApiError with status + path on non-2xx" time="0.00032025">
        </testcase>
        <testcase classname="src/__tests__/rest.test.ts" name="NeonRestClient &gt; wraps transport-level failures with status 0" time="0.000140125">
        </testcase>
    </testsuite>
    <testsuite name="src/__tests__/storage.test.ts" timestamp="2026-07-12T04:44:02.436Z" hostname="Mac-Mini.local" tests="12" failures="0" errors="0" skipped="0" time="0.02487275">
        <testcase classname="src/__tests__/storage.test.ts" name="NeonStorage.listBranches &gt; GETs /branches and maps the response" time="0.012039166">
        </testcase>
        <testcase classname="src/__tests__/storage.test.ts" name="NeonStorage.createBranch &gt; POSTs with branch + endpoints inline (so connection URI works immediately)" time="0.000477792">
        </testcase>
        <testcase classname="src/__tests__/storage.test.ts" name="NeonStorage.createBranch &gt; passes parent_id through when `from` is supplied" time="0.000211458">
        </testcase>
        <testcase classname="src/__tests__/storage.test.ts" name="NeonStorage.destroyBranch &gt; DELETEs the branch" time="0.003632541">
        </testcase>
        <testcase classname="src/__tests__/storage.test.ts" name="NeonStorage.destroyBranch &gt; URL-encodes branch names with slashes" time="0.000396875">
        </testcase>
        <testcase classname="src/__tests__/storage.test.ts" name="NeonStorage.resetBranch &gt; POSTs to /restore with source_branch_id" time="0.000329375">
        </testcase>
        <testcase classname="src/__tests__/storage.test.ts" name="NeonStorage.getConnectionString &gt; looks up the default database, then GETs /connection_uri with the right params" time="0.000812209">
        </testcase>
        <testcase classname="src/__tests__/storage.test.ts" name="NeonStorage.getConnectionString &gt; passes pooled=true through when requested" time="0.000574208">
        </testcase>
        <testcase classname="src/__tests__/storage.test.ts" name="NeonStorage.getConnectionString &gt; throws clearly when the branch has no databases" time="0.000903958">
        </testcase>
        <testcase classname="src/__tests__/storage.test.ts" name="NeonStorage.enableExtension &gt; runs CREATE EXTENSION IF NOT EXISTS against the default database" time="0.000373041">
        </testcase>
        <testcase classname="src/__tests__/storage.test.ts" name="NeonStorage.enableExtension &gt; throws ProviderApiError when no database exists on the branch" time="0.000663083">
        </testcase>
        <testcase classname="src/__tests__/storage.test.ts" name="NeonStorage construction &gt; throws when projectId is missing" time="0.0000835">
        </testcase>
    </testsuite>
    <testsuite name="src/__tests__/verify-token.test.ts" timestamp="2026-07-12T04:44:02.437Z" hostname="Mac-Mini.local" tests="6" failures="0" errors="0" skipped="0" time="0.012006334">
        <testcase classname="src/__tests__/verify-token.test.ts" name="verifyToken &gt; returns ok with the user email when /users/me returns 200" time="0.010158">
        </testcase>
        <testcase classname="src/__tests__/verify-token.test.ts" name="verifyToken &gt; falls back to login when email is absent" time="0.000337833">
        </testcase>
        <testcase classname="src/__tests__/verify-token.test.ts" name="verifyToken &gt; falls back to &apos;unknown&apos; when the body is empty" time="0.000207333">
        </testcase>
        <testcase classname="src/__tests__/verify-token.test.ts" name="verifyToken &gt; returns ok:false with the error message on 401" time="0.000260333">
        </testcase>
        <testcase classname="src/__tests__/verify-token.test.ts" name="verifyToken &gt; returns ok:false when the network layer throws" time="0.000112834">
        </testcase>
        <testcase classname="src/__tests__/verify-token.test.ts" name="verifyToken &gt; hits the configured base URL" time="0.000212417">
        </testcase>
    </testsuite>
</testsuites>
