<?xml version="1.0" encoding="UTF-8" ?>
<testsuites name="vitest tests" tests="18" failures="0" errors="0" time="0.014070625">
    <testsuite name="src/__tests__/client.test.ts" timestamp="2026-07-13T00:18:42.526Z" hostname="Mac-Mini.local" tests="18" failures="0" errors="0" skipped="0" time="0.014070625">
        <testcase classname="src/__tests__/client.test.ts" name="createToken &gt; base64-encodes user/token:password" time="0.000582708">
        </testcase>
        <testcase classname="src/__tests__/client.test.ts" name="activities &gt; GET /api/v2/activities" time="0.008964292">
        </testcase>
        <testcase classname="src/__tests__/client.test.ts" name="activities &gt; forwards query params" time="0.000341417">
        </testcase>
        <testcase classname="src/__tests__/client.test.ts" name="search &gt; GET /api/v2/search with query and default sort_order=desc" time="0.000278417">
        </testcase>
        <testcase classname="src/__tests__/client.test.ts" name="status &gt; GET /api/v2/custom_statuses (list)" time="0.000207875">
        </testcase>
        <testcase classname="src/__tests__/client.test.ts" name="status &gt; GET /api/v2/custom_statuses/:id" time="0.000186791">
        </testcase>
        <testcase classname="src/__tests__/client.test.ts" name="status &gt; POST /api/v2/custom_statuses on create" time="0.000409625">
        </testcase>
        <testcase classname="src/__tests__/client.test.ts" name="status &gt; PUT /api/v2/custom_statuses/:id on update" time="0.000215458">
        </testcase>
        <testcase classname="src/__tests__/client.test.ts" name="tickets &gt; GET /api/v2/tickets (list) includes custom_statuses" time="0.000355917">
        </testcase>
        <testcase classname="src/__tests__/client.test.ts" name="tickets &gt; GET /api/v2/tickets/:id" time="0.000779083">
        </testcase>
        <testcase classname="src/__tests__/client.test.ts" name="tickets &gt; POST /api/v2/tickets on create" time="0.000243916">
        </testcase>
        <testcase classname="src/__tests__/client.test.ts" name="tickets &gt; PUT /api/v2/tickets/:id on update" time="0.000149958">
        </testcase>
        <testcase classname="src/__tests__/client.test.ts" name="tickets &gt; DELETE /api/v2/tickets/:id" time="0.000076667">
        </testcase>
        <testcase classname="src/__tests__/client.test.ts" name="comments &gt; GET /api/v2/tickets/:id/comments" time="0.000063125">
        </testcase>
        <testcase classname="src/__tests__/client.test.ts" name="comments &gt; PUT /api/v2/tickets/:id on create comment" time="0.000153709">
        </testcase>
        <testcase classname="src/__tests__/client.test.ts" name="fields &gt; GET /api/v2/ticket_fields (list)" time="0.000083792">
        </testcase>
        <testcase classname="src/__tests__/client.test.ts" name="fields &gt; GET /api/v2/ticket_fields/:id" time="0.000062541">
        </testcase>
        <testcase classname="src/__tests__/client.test.ts" name="fields &gt; DELETE /api/v2/ticket_fields/:id" time="0.000046">
        </testcase>
    </testsuite>
</testsuites>
