<?xml version="1.0" encoding="UTF-8" ?>
<testsuites name="vitest tests" tests="3" failures="0" errors="0" time="0.01034925">
    <testsuite name="src/__tests__/client.test.ts" timestamp="2026-07-13T00:18:42.271Z" hostname="Mac-Mini.local" tests="3" failures="0" errors="0" skipped="0" time="0.01034925">
        <testcase classname="src/__tests__/client.test.ts" name="createConfluenceClient &gt; sends Bearer auth header on every request" time="0.009051458">
        </testcase>
        <testcase classname="src/__tests__/client.test.ts" name="page.get &gt; GET /&lt;id&gt;" time="0.000310208">
        </testcase>
        <testcase classname="src/__tests__/client.test.ts" name="page.update &gt; PUT /&lt;id&gt; with body" time="0.000446958">
        </testcase>
    </testsuite>
</testsuites>
