<?xml version="1.0" encoding="UTF-8" ?>
<testsuites name="vitest tests" tests="19" failures="0" errors="0" time="0.015387251">
    <testsuite name="src/__tests__/auth-resolver.test.ts" timestamp="2026-07-13T00:18:42.379Z" hostname="Mac-Mini.local" tests="6" failures="0" errors="0" skipped="0" time="0.00172175">
        <testcase classname="src/__tests__/auth-resolver.test.ts" name="createResolveToken &gt; uses cliToken first" time="0.000673541">
        </testcase>
        <testcase classname="src/__tests__/auth-resolver.test.ts" name="createResolveToken &gt; prefers envName over vendorEnvName" time="0.000118708">
        </testcase>
        <testcase classname="src/__tests__/auth-resolver.test.ts" name="createResolveToken &gt; falls back to vendorEnvName" time="0.000061375">
        </testcase>
        <testcase classname="src/__tests__/auth-resolver.test.ts" name="createResolveToken &gt; falls back to keyring" time="0.000088958">
        </testcase>
        <testcase classname="src/__tests__/auth-resolver.test.ts" name="createResolveToken &gt; ignores empty-string cliToken" time="0.000056167">
        </testcase>
        <testcase classname="src/__tests__/auth-resolver.test.ts" name="createResolveToken &gt; throws AuthError when nothing is set" time="0.000106166">
        </testcase>
    </testsuite>
    <testsuite name="src/__tests__/errors.test.ts" timestamp="2026-07-13T00:18:42.380Z" hostname="Mac-Mini.local" tests="3" failures="0" errors="0" skipped="0" time="0.001547292">
        <testcase classname="src/__tests__/errors.test.ts" name="ProviderApiError &gt; name is &apos;ProviderApiError&apos;" time="0.000712833">
        </testcase>
        <testcase classname="src/__tests__/errors.test.ts" name="ProviderApiError &gt; carries status and details" time="0.000157584">
        </testcase>
        <testcase classname="src/__tests__/errors.test.ts" name="ProviderApiError &gt; instanceof Error" time="0.000094459">
        </testcase>
    </testsuite>
    <testsuite name="src/__tests__/rest-client.test.ts" timestamp="2026-07-13T00:18:42.381Z" hostname="Mac-Mini.local" tests="10" failures="0" errors="0" skipped="0" time="0.012118209">
        <testcase classname="src/__tests__/rest-client.test.ts" name="createRestClient — bearer auth &gt; sends Authorization: Bearer header" time="0.0089825">
        </testcase>
        <testcase classname="src/__tests__/rest-client.test.ts" name="createRestClient — bearer auth &gt; sets accept: application/json by default" time="0.000261959">
        </testcase>
        <testcase classname="src/__tests__/rest-client.test.ts" name="createRestClient — apikey tokenScheme &gt; sends token in custom header instead of Authorization" time="0.000213708">
        </testcase>
        <testcase classname="src/__tests__/rest-client.test.ts" name="createRestClient — extraHeaders &gt; can override default accept header" time="0.000160041">
        </testcase>
        <testcase classname="src/__tests__/rest-client.test.ts" name="createRestClient — defaultQuery &gt; appends to every request URL" time="0.000214084">
        </testcase>
        <testcase classname="src/__tests__/rest-client.test.ts" name="createRestClient — 204 / no-content &gt; returns undefined for 204" time="0.00008625">
        </testcase>
        <testcase classname="src/__tests__/rest-client.test.ts" name="createRestClient — 204 / no-content &gt; returns undefined when expectNoContent is set" time="0.000159125">
        </testcase>
        <testcase classname="src/__tests__/rest-client.test.ts" name="createRestClient — error handling &gt; throws ProviderApiError with status on non-2xx" time="0.000268916">
        </testcase>
        <testcase classname="src/__tests__/rest-client.test.ts" name="createRestClient — error handling &gt; wraps transport failure as ProviderApiError with status 0" time="0.000526333">
        </testcase>
        <testcase classname="src/__tests__/rest-client.test.ts" name="createRestClient — error handling &gt; trims trailing slashes from baseUrl" time="0.000309875">
        </testcase>
    </testsuite>
</testsuites>
