<?xml version="1.0" encoding="UTF-8" ?>
<testsuites name="vitest tests" tests="42" failures="0" errors="0" time="0.087894167">
    <testsuite name="src/__tests__/auth.test.ts" timestamp="2026-07-12T04:44:01.829Z" hostname="Mac-Mini.local" tests="5" failures="0" errors="0" skipped="0" time="0.001976417">
        <testcase classname="src/__tests__/auth.test.ts" name="resolveToken &gt; prefers --token over env vars + keyring" time="0.00078075">
        </testcase>
        <testcase classname="src/__tests__/auth.test.ts" name="resolveToken &gt; prefers HOLOCRON_DOPPLER_TOKEN over DOPPLER_TOKEN" time="0.000122791">
        </testcase>
        <testcase classname="src/__tests__/auth.test.ts" name="resolveToken &gt; falls back to DOPPLER_TOKEN when HOLOCRON_DOPPLER_TOKEN is unset" time="0.000066083">
        </testcase>
        <testcase classname="src/__tests__/auth.test.ts" name="resolveToken &gt; falls back to keyring when env vars are unset" time="0.00009675">
        </testcase>
        <testcase classname="src/__tests__/auth.test.ts" name="resolveToken &gt; throws AuthError with a hint when no token is found anywhere" time="0.000175333">
        </testcase>
    </testsuite>
    <testsuite name="src/__tests__/index.test.ts" timestamp="2026-07-12T04:44:01.830Z" hostname="Mac-Mini.local" tests="3" failures="0" errors="0" skipped="0" time="0.020865875">
        <testcase classname="src/__tests__/index.test.ts" name="createPlugin &gt; wires the vault capability against the given fetch + token" time="0.019077125">
        </testcase>
        <testcase classname="src/__tests__/index.test.ts" name="createPlugin &gt; uses HOLOCRON_DOPPLER_TOKEN when cliToken is absent" time="0.000342375">
        </testcase>
        <testcase classname="src/__tests__/index.test.ts" name="AUTH_HINT &gt; mentions the Doppler CLI bootstrap sequence" time="0.000158208">
        </testcase>
    </testsuite>
    <testsuite name="src/__tests__/rest.test.ts" timestamp="2026-07-12T04:44:01.830Z" hostname="Mac-Mini.local" tests="8" failures="0" errors="0" skipped="0" time="0.014079458">
        <testcase classname="src/__tests__/rest.test.ts" name="DopplerRestClient &gt; sends bearer + accept headers and returns the parsed body" time="0.009795833">
        </testcase>
        <testcase classname="src/__tests__/rest.test.ts" name="DopplerRestClient &gt; serializes body as JSON and sets content-type when present" time="0.000559375">
        </testcase>
        <testcase classname="src/__tests__/rest.test.ts" name="DopplerRestClient &gt; appends query params to the URL" time="0.000343625">
        </testcase>
        <testcase classname="src/__tests__/rest.test.ts" name="DopplerRestClient &gt; returns undefined on 204" time="0.000120166">
        </testcase>
        <testcase classname="src/__tests__/rest.test.ts" name="DopplerRestClient &gt; returns undefined on expectNoContent even with 200" time="0.000113416">
        </testcase>
        <testcase classname="src/__tests__/rest.test.ts" name="DopplerRestClient &gt; throws ProviderApiError with the HTTP status on non-2xx" time="0.000285584">
        </testcase>
        <testcase classname="src/__tests__/rest.test.ts" name="DopplerRestClient &gt; wraps transport-level failures with status 0" time="0.001610041">
        </testcase>
        <testcase classname="src/__tests__/rest.test.ts" name="DopplerRestClient &gt; trims trailing slashes from the base URL" time="0.000251416">
        </testcase>
    </testsuite>
    <testsuite name="src/__tests__/vault.test.ts" timestamp="2026-07-12T04:44:01.831Z" hostname="Mac-Mini.local" tests="21" failures="0" errors="0" skipped="0" time="0.02532725">
        <testcase classname="src/__tests__/vault.test.ts" name="DopplerVault constructor &gt; throws when `project` is missing" time="0.005029291">
        </testcase>
        <testcase classname="src/__tests__/vault.test.ts" name="DopplerVault constructor &gt; throws when `config` is missing" time="0.000248">
        </testcase>
        <testcase classname="src/__tests__/vault.test.ts" name="DopplerVault.read &gt; hits GET /configs/config/secret with the parsed project/config/name" time="0.009169125">
        </testcase>
        <testcase classname="src/__tests__/vault.test.ts" name="DopplerVault.read &gt; falls back to raw when computed is absent" time="0.000279334">
        </testcase>
        <testcase classname="src/__tests__/vault.test.ts" name="DopplerVault.read &gt; rejects a reference that does not start with doppler://" time="0.000206667">
        </testcase>
        <testcase classname="src/__tests__/vault.test.ts" name="DopplerVault.read &gt; rejects a reference missing parts" time="0.000104125">
        </testcase>
        <testcase classname="src/__tests__/vault.test.ts" name="DopplerVault.write &gt; POSTs to /configs/config/secrets with a {name: value} body" time="0.000472792">
        </testcase>
        <testcase classname="src/__tests__/vault.test.ts" name="DopplerVault.list &gt; returns secret names from GET /configs/config/secrets" time="0.000243834">
        </testcase>
        <testcase classname="src/__tests__/vault.test.ts" name="DopplerVault.list &gt; returns [] when the response has no secrets" time="0.000503125">
        </testcase>
        <testcase classname="src/__tests__/vault.test.ts" name="DopplerVault.environments &gt; lists environment slugs from GET /environments" time="0.000225125">
        </testcase>
        <testcase classname="src/__tests__/vault.test.ts" name="DopplerVault.environments &gt; returns [] when the response has no environments" time="0.000294792">
        </testcase>
        <testcase classname="src/__tests__/vault.test.ts" name="DopplerVault.readEnvironment &gt; returns the KEY=VALUE map from /configs/config/secrets/download" time="0.000195917">
        </testcase>
        <testcase classname="src/__tests__/vault.test.ts" name="DopplerVault.readEnvironment &gt; filters non-string values defensively" time="0.005709833">
        </testcase>
        <testcase classname="src/__tests__/vault.test.ts" name="DopplerVault.ensureProject &gt; returns alreadyExists:false when the create succeeds" time="0.000626833">
        </testcase>
        <testcase classname="src/__tests__/vault.test.ts" name="DopplerVault.ensureProject &gt; returns alreadyExists:true on 409" time="0.000228875">
        </testcase>
        <testcase classname="src/__tests__/vault.test.ts" name="DopplerVault.ensureProject &gt; returns alreadyExists:true on 422 with &apos;already exists&apos; message" time="0.000156">
        </testcase>
        <testcase classname="src/__tests__/vault.test.ts" name="DopplerVault.ensureProject &gt; rethrows unrelated errors" time="0.000120041">
        </testcase>
        <testcase classname="src/__tests__/vault.test.ts" name="DopplerVault.ensureEnvironment &gt; POSTs to /environments with { project, name, slug } and returns not-existing on success" time="0.000131708">
        </testcase>
        <testcase classname="src/__tests__/vault.test.ts" name="DopplerVault.ensureEnvironment &gt; returns alreadyExists:true on 409" time="0.000143417">
        </testcase>
        <testcase classname="src/__tests__/vault.test.ts" name="DopplerVault.ensureEnvironment &gt; returns alreadyExists:true on Doppler&apos;s actual 400 &apos;already exists&apos; response" time="0.000109125">
        </testcase>
        <testcase classname="src/__tests__/vault.test.ts" name="DopplerVault.ensureEnvironment &gt; rethrows a 400 that is NOT an already-exists error" time="0.000094959">
        </testcase>
    </testsuite>
    <testsuite name="src/__tests__/verify-token.test.ts" timestamp="2026-07-12T04:44:01.832Z" hostname="Mac-Mini.local" tests="5" failures="0" errors="0" skipped="0" time="0.025645167">
        <testcase classname="src/__tests__/verify-token.test.ts" name="verifyToken &gt; returns ok with a subject when /v3/me returns 200" time="0.023893417">
        </testcase>
        <testcase classname="src/__tests__/verify-token.test.ts" name="verifyToken &gt; falls back to slug when workplace.name is absent" time="0.000413833">
        </testcase>
        <testcase classname="src/__tests__/verify-token.test.ts" name="verifyToken &gt; returns ok:false with the error message on 401" time="0.000263541">
        </testcase>
        <testcase classname="src/__tests__/verify-token.test.ts" name="verifyToken &gt; returns ok:false when the network layer throws" time="0.000109958">
        </testcase>
        <testcase classname="src/__tests__/verify-token.test.ts" name="verifyToken &gt; hits the configured base URL" time="0.000220083">
        </testcase>
    </testsuite>
</testsuites>
