<?xml version="1.0" encoding="UTF-8" ?>
<testsuites name="vitest tests" tests="38" failures="0" errors="0" time="0.074284166">
    <testsuite name="src/__tests__/auth.test.ts" timestamp="2026-07-12T04:44:02.405Z" hostname="Mac-Mini.local" tests="4" failures="0" errors="0" skipped="0" time="0.002849333">
        <testcase classname="src/__tests__/auth.test.ts" name="resolveToken &gt; uses the explicit CLI token first" time="0.001247916">
        </testcase>
        <testcase classname="src/__tests__/auth.test.ts" name="resolveToken &gt; prefers HOLOCRON_VERCEL_TOKEN over VERCEL_TOKEN" time="0.000125125">
        </testcase>
        <testcase classname="src/__tests__/auth.test.ts" name="resolveToken &gt; falls back to VERCEL_TOKEN when only it is set" time="0.000064917">
        </testcase>
        <testcase classname="src/__tests__/auth.test.ts" name="resolveToken &gt; throws AuthError with a helpful message when nothing is set" time="0.000408167">
        </testcase>
    </testsuite>
    <testsuite name="src/__tests__/deployment.test.ts" timestamp="2026-07-12T04:44:02.412Z" hostname="Mac-Mini.local" tests="18" failures="0" errors="0" skipped="0" time="0.023534333">
        <testcase classname="src/__tests__/deployment.test.ts" name="VercelDeployment.listProjects &gt; GETs /v10/projects and maps the result" time="0.014889125">
        </testcase>
        <testcase classname="src/__tests__/deployment.test.ts" name="VercelDeployment.listProjects &gt; includes teamId in the query string when configured" time="0.000429541">
        </testcase>
        <testcase classname="src/__tests__/deployment.test.ts" name="VercelDeployment.listProjects &gt; maps gitLinked=true when project.link.repoId is set" time="0.0002265">
        </testcase>
        <testcase classname="src/__tests__/deployment.test.ts" name="VercelDeployment.ensureProject &gt; returns the existing project when one exists (no POST)" time="0.000526334">
        </testcase>
        <testcase classname="src/__tests__/deployment.test.ts" name="VercelDeployment.ensureProject &gt; creates a new project when none exists (404→POST)" time="0.000412417">
        </testcase>
        <testcase classname="src/__tests__/deployment.test.ts" name="VercelDeployment.ensureProject &gt; includes git + rootDirectory when supplied to create" time="0.000347583">
        </testcase>
        <testcase classname="src/__tests__/deployment.test.ts" name="VercelDeployment.ensureProject &gt; uses defaultFramework override when supplied" time="0.000830042">
        </testcase>
        <testcase classname="src/__tests__/deployment.test.ts" name="VercelDeployment.ensureProject &gt; rethrows non-404 errors from the GET (does not swallow 500s)" time="0.000402292">
        </testcase>
        <testcase classname="src/__tests__/deployment.test.ts" name="VercelDeployment.updateProjectSettings &gt; PATCHes only the fields supplied (no over-writing of defaults)" time="0.0004985">
        </testcase>
        <testcase classname="src/__tests__/deployment.test.ts" name="VercelDeployment.updateProjectSettings &gt; wraps gitProviderCreateDeployments in gitProviderOptions" time="0.00015975">
        </testcase>
        <testcase classname="src/__tests__/deployment.test.ts" name="VercelDeployment.listEnvVars &gt; returns only the names of vars scoped to the requested target" time="0.000154417">
        </testcase>
        <testcase classname="src/__tests__/deployment.test.ts" name="VercelDeployment.setEnvVar &gt; POSTs with upsert=true + the right target + encrypted type" time="0.000181083">
        </testcase>
        <testcase classname="src/__tests__/deployment.test.ts" name="VercelDeployment.triggerDeployment &gt; looks up repoId from the project, then POSTs the deploy with gitSource" time="0.000188667">
        </testcase>
        <testcase classname="src/__tests__/deployment.test.ts" name="VercelDeployment.triggerDeployment &gt; passes named `target` through to the deploy body" time="0.00010475">
        </testcase>
        <testcase classname="src/__tests__/deployment.test.ts" name="VercelDeployment.triggerDeployment &gt; throws a clear error when the project has no linked git repo" time="0.000306916">
        </testcase>
        <testcase classname="src/__tests__/deployment.test.ts" name="VercelDeployment.triggerDeployment &gt; normalizes readyState CANCELED → status &quot;cancelled&quot; (US spelling)" time="0.0000975">
        </testcase>
        <testcase classname="src/__tests__/deployment.test.ts" name="VercelDeployment.getDeployment &gt; GETs the deployment and extracts branch from meta.githubCommitRef" time="0.000091542">
        </testcase>
        <testcase classname="src/__tests__/deployment.test.ts" name="VercelDeployment.getDeployment &gt; returns branch=null when the deployment has no git source" time="0.000066916">
        </testcase>
    </testsuite>
    <testsuite name="src/__tests__/index.test.ts" timestamp="2026-07-12T04:44:02.428Z" hostname="Mac-Mini.local" tests="3" failures="0" errors="0" skipped="0" time="0.020554625">
        <testcase classname="src/__tests__/index.test.ts" name="createPlugin &gt; throws AuthError when no token is found" time="0.007612333">
        </testcase>
        <testcase classname="src/__tests__/index.test.ts" name="createPlugin &gt; wires the deployment capability" time="0.000407416">
        </testcase>
        <testcase classname="src/__tests__/index.test.ts" name="createPlugin &gt; passes teamId + fetch through to the REST client" time="0.011841375">
        </testcase>
    </testsuite>
    <testsuite name="src/__tests__/rest.test.ts" timestamp="2026-07-12T04:44:02.429Z" hostname="Mac-Mini.local" tests="7" failures="0" errors="0" skipped="0" time="0.013411083">
        <testcase classname="src/__tests__/rest.test.ts" name="VercelRestClient &gt; sends a bearer token on every request" time="0.01105425">
        </testcase>
        <testcase classname="src/__tests__/rest.test.ts" name="VercelRestClient &gt; appends teamId as a query param when configured" time="0.000327709">
        </testcase>
        <testcase classname="src/__tests__/rest.test.ts" name="VercelRestClient &gt; merges request-level query params with teamId" time="0.000489167">
        </testcase>
        <testcase classname="src/__tests__/rest.test.ts" name="VercelRestClient &gt; returns undefined for 204 responses" time="0.000116125">
        </testcase>
        <testcase classname="src/__tests__/rest.test.ts" name="VercelRestClient &gt; throws ProviderApiError with status + path on non-2xx" time="0.000321">
        </testcase>
        <testcase classname="src/__tests__/rest.test.ts" name="VercelRestClient &gt; wraps transport-level failures with status 0 and a clear message" time="0.000134708">
        </testcase>
        <testcase classname="src/__tests__/rest.test.ts" name="VercelRestClient &gt; strips trailing slashes from baseUrl override" time="0.000227291">
        </testcase>
    </testsuite>
    <testsuite name="src/__tests__/verify-token.test.ts" timestamp="2026-07-12T04:44:02.430Z" hostname="Mac-Mini.local" tests="6" failures="0" errors="0" skipped="0" time="0.013934792">
        <testcase classname="src/__tests__/verify-token.test.ts" name="verifyToken &gt; returns ok with the user email when /v2/user returns 200" time="0.012135958">
        </testcase>
        <testcase classname="src/__tests__/verify-token.test.ts" name="verifyToken &gt; falls back to username when email is absent" time="0.00032675">
        </testcase>
        <testcase classname="src/__tests__/verify-token.test.ts" name="verifyToken &gt; falls back to &apos;unknown&apos; when the user body is empty" time="0.000207292">
        </testcase>
        <testcase classname="src/__tests__/verify-token.test.ts" name="verifyToken &gt; returns ok:false with the error message on 401" time="0.000254625">
        </testcase>
        <testcase classname="src/__tests__/verify-token.test.ts" name="verifyToken &gt; returns ok:false when the network layer throws" time="0.00011675">
        </testcase>
        <testcase classname="src/__tests__/verify-token.test.ts" name="verifyToken &gt; hits the configured base URL" time="0.0002085">
        </testcase>
    </testsuite>
</testsuites>
