<?xml version="1.0" encoding="UTF-8" ?>
<testsuites name="vitest tests" tests="6" failures="0" errors="0" time="0.011752542">
    <testsuite name="src/__tests__/client.test.ts" timestamp="2026-07-13T00:18:41.790Z" hostname="Mac-Mini.local" tests="6" failures="0" errors="0" skipped="0" time="0.011752542">
        <testcase classname="src/__tests__/client.test.ts" name="issues &gt; creates a ticket via POST /issue/" time="0.00904925">
        </testcase>
        <testcase classname="src/__tests__/client.test.ts" name="issues &gt; gets a ticket via GET /issue/:key" time="0.000404917">
        </testcase>
        <testcase classname="src/__tests__/client.test.ts" name="issues &gt; sends Authorization: Basic header" time="0.000337167">
        </testcase>
        <testcase classname="src/__tests__/client.test.ts" name="versions &gt; creates a version via POST /version" time="0.000875">
        </testcase>
        <testcase classname="src/__tests__/client.test.ts" name="versions &gt; deletes a version via DELETE /version/:id (204)" time="0.000221834">
        </testcase>
        <testcase classname="src/__tests__/client.test.ts" name="projects &gt; gets a project with issueTypes expanded" time="0.000206792">
        </testcase>
    </testsuite>
</testsuites>
